-------------------------------------------------------------------------------
Test set: com.rohit.springrestdemo.SpringrestdemoApplicationTests
-------------------------------------------------------------------------------
Tests run: 1, Failures: 0, Errors: 1, Skipped: 0, Time elapsed: 0.246 s <<< FAILURE! - in com.rohit.springrestdemo.SpringrestdemoApplicationTests
com.rohit.springrestdemo.SpringrestdemoApplicationTests  Time elapsed: 0.241 s  <<< ERROR!
java.lang.IllegalStateException: Unable to find a @SpringBootConfiguration, you need to use @ContextConfiguration or @SpringBootTest(classes=...) with your test

